[INFO] 2024-09-29 13:08:38 GameServer: ------------------------------------------------=[ Database ]
[INFO] 2024-09-29 13:08:38 GameServer: -----------------------------------=[ Network Configuration ]
[INFO] 2024-09-29 13:08:38 IPConfigData: Using automatic network configuration.
[INFO] 2024-09-29 13:08:39 IPConfigData: Adding new subnet: 127.0.0.0/8 address: 127.0.0.1
[INFO] 2024-09-29 13:08:39 IPConfigData: Adding new subnet: 192.168.0.0/24 address: 192.168.0.19
[INFO] 2024-09-29 13:08:39 IPConfigData: Adding new subnet: 0.0.0.0/0 address: 186.190.200.3
[INFO] 2024-09-29 13:08:39 HikariDataSource: HikariPool-1 - Starting...
[INFO] 2024-09-29 13:08:39 HikariPool: HikariPool-1 - Added connection org.mariadb.jdbc.Connection@52eacb4b
[INFO] 2024-09-29 13:08:39 HikariDataSource: HikariPool-1 - Start completed.
[INFO] 2024-09-29 13:08:39 IdFactory: Updated characters online status.
[INFO] 2024-09-29 13:08:39 IdFactory: Cleaned 0 elements from database in 0s.
[INFO] 2024-09-29 13:08:39 IdFactory: Cleaned 0 expired timestamps from database.
[INFO] 2024-09-29 13:08:39 BitSetIDFactory: 102912 Ids available.
[INFO] 2024-09-29 13:08:39 GameServer: ---------------------------------------------------=[ World ]
[INFO] 2024-09-29 13:08:39 InstanceManager: Multiverse Instance created.
[INFO] 2024-09-29 13:08:39 InstanceManager: Universe Instance created.
[INFO] 2024-09-29 13:08:39 InstanceManager: Loaded 160 instance names.
[INFO] 2024-09-29 13:08:40 L2World: 128 by 136 world region grid set up.
[INFO] 2024-09-29 13:08:40 MapRegionManager: Loaded 57 map regions.
[INFO] 2024-09-29 13:08:40 GlobalVariablesManager: Loaded 7 variables.
[INFO] 2024-09-29 13:08:40 GameServer: ----------------------------------------------------=[ Data ]
[INFO] 2024-09-29 13:08:40 CategoryData: Loaded 124 Categories.
[INFO] 2024-09-29 13:08:40 SecondaryAuthData: Loaded 328 forbidden passwords.
[INFO] 2024-09-29 13:08:40 GameServer: -------------------------------------------------=[ Effects ]
[INFO] 2024-09-29 13:08:45 EffectMasterHandler: Loaded 170 effect handlers.
[INFO] 2024-09-29 13:08:45 GameServer: ------------------------------------=[ Enchant Skill Groups ]
[INFO] 2024-09-29 13:08:45 EnchantSkillGroupsData: Loaded 4 groups and 90 routes.
[INFO] 2024-09-29 13:08:45 GameServer: ---------------------------------------------=[ Skill Trees ]
[INFO] 2024-09-29 13:08:45 SkillTreesData: Loaded 17176 Class Skills for 103 Class Skill Trees.
[INFO] 2024-09-29 13:08:45 SkillTreesData: Loaded 76 Sub-Class Skills.
[INFO] 2024-09-29 13:08:45 SkillTreesData: Loaded 77 Transfer Skills for 3 Transfer Skill Trees.
[INFO] 2024-09-29 13:08:45 SkillTreesData: Loaded 117 Fishing Skills, 8 Dwarven only Fishing Skills.
[INFO] 2024-09-29 13:08:45 SkillTreesData: Loaded 3 Collect Skills.
[INFO] 2024-09-29 13:08:45 SkillTreesData: Loaded 74 Pledge Skills, 44 for Pledge and 30 Residential.
[INFO] 2024-09-29 13:08:45 SkillTreesData: Loaded 18 Sub-Pledge Skills.
[INFO] 2024-09-29 13:08:45 SkillTreesData: Loaded 32 Transform Skills.
[INFO] 2024-09-29 13:08:45 SkillTreesData: Loaded 8 Noble Skills.
[INFO] 2024-09-29 13:08:45 SkillTreesData: Loaded 5 Hero Skills.
[INFO] 2024-09-29 13:08:45 SkillTreesData: Loaded 46 Game Master Skills.
[INFO] 2024-09-29 13:08:45 SkillTreesData: Loaded 46 Game Master Aura Skills.
[INFO] 2024-09-29 13:08:45 GameServer: --------------------------------------------------=[ Skills ]
[INFO] 2024-09-29 13:09:01 DocumentEngine: Loaded 65973 skill templates from XML files.
[INFO] 2024-09-29 13:09:01 SummonSkillsTable: Loaded 1891 summon skills.
[INFO] 2024-09-29 13:09:01 GameServer: ---------------------------------------------------=[ Items ]
[INFO] 2024-09-29 13:09:03 ItemTable: Highest item Id used 22567.
[INFO] 2024-09-29 13:09:03 ItemTable: Loaded 11481 Etc items.
[INFO] 2024-09-29 13:09:03 ItemTable: Loaded 3825 Armor items.
[INFO] 2024-09-29 13:09:03 ItemTable: Loaded 3893 Weapon items.
[INFO] 2024-09-29 13:09:03 ItemTable: Loaded 19199 items in total.
[INFO] 2024-09-29 13:09:03 EnchantItemGroupsData: Loaded 4 item group templates.
[INFO] 2024-09-29 13:09:03 EnchantItemGroupsData: Loaded 1 scroll group templates.
[INFO] 2024-09-29 13:09:03 EnchantItemData: Loaded 63 enchant scrolls.
[INFO] 2024-09-29 13:09:03 EnchantItemData: Loaded 20 support items.
[INFO] 2024-09-29 13:09:03 EnchantItemOptionsData: Loaded 23 items and 1093 options.
[INFO] 2024-09-29 13:09:05 OptionData: Loaded 24985 item options.
[INFO] 2024-09-29 13:09:05 EnchantItemHPBonusData: Loaded 6 Enchant HP Bonuses.
[INFO] 2024-09-29 13:09:05 MerchantPriceConfigTable: Loaded 28 merchant price configs.
[INFO] 2024-09-29 13:09:08 BuyListData: Loaded 760 buy lists.
[INFO] 2024-09-29 13:09:09 MultisellData: Loaded 192 multisell lists.
[INFO] 2024-09-29 13:09:09 RecipeData: Loaded 1000 recipes.
[INFO] 2024-09-29 13:09:09 ArmorSetsData: Loaded 204 armor sets.
[INFO] 2024-09-29 13:09:09 FishData: Loaded 278 fish.
[INFO] 2024-09-29 13:09:09 FishingMonstersData: Loaded 8 fishing monsters.
[INFO] 2024-09-29 13:09:09 FishingRodsData: Loaded 6 fishing rods.
[INFO] 2024-09-29 13:09:09 HennaData: Loaded 180 Henna data.
[INFO] 2024-09-29 13:09:09 GameServer: ----------------------------------------------=[ Characters ]
[INFO] 2024-09-29 13:09:09 ClassListData: Loaded 107 class data.
[INFO] 2024-09-29 13:09:09 InitialEquipmentData: Loaded 11 initial equipment data.
[INFO] 2024-09-29 13:09:09 InitialShortcutData: Loaded 5 initial dlobal shortcuts data.
[INFO] 2024-09-29 13:09:09 InitialShortcutData: Loaded 4 initial shortcuts data.
[INFO] 2024-09-29 13:09:09 InitialShortcutData: Loaded 0 macros presets.
[INFO] 2024-09-29 13:09:09 KarmaData: Loaded 85 karma modifiers.
[INFO] 2024-09-29 13:09:09 HitConditionBonusData: Loaded Hit Condition bonuses.
[INFO] 2024-09-29 13:09:10 PlayerTemplateData: Loaded 103 character templates.
[INFO] 2024-09-29 13:09:10 PlayerTemplateData: Loaded 52530 level up gain records.
[INFO] 2024-09-29 13:09:10 PlayerCreationPointData: Loaded 62 character creation points.
[INFO] 2024-09-29 13:09:10 CharNameTable: Loaded 4 char names.
[INFO] 2024-09-29 13:09:10 AdminData: Loaded 10 access levels.
[INFO] 2024-09-29 13:09:10 AdminData: Loaded 445 access commands.
[INFO] 2024-09-29 13:09:10 RaidBossPointsManager: Loaded 0 characters raid points.
[INFO] 2024-09-29 13:09:11 PetDataTable: Loaded 52 Pets.
[INFO] 2024-09-29 13:09:11 GameServer: -----------------------------------------------------=[ BBS ]
[INFO] 2024-09-29 13:09:11 ForumsBBSManager: Loaded 4 forums.
[INFO] 2024-09-29 13:09:11 GameServer: ---------------------------------------------------=[ Clans ]
[INFO] 2024-09-29 13:09:11 ClanTable: Restored 0 clans from the database.
[INFO] 2024-09-29 13:09:11 AuctionManager: Loaded 38 auction(s).
[INFO] 2024-09-29 13:09:11 ClanHallManager: Loaded 0 clan halls.
[INFO] 2024-09-29 13:09:11 ClanHallManager: Loaded 38 free clan halls.
[INFO] 2024-09-29 13:09:11 ClanHallSiegeManager: Loaded 6 conquerable clan halls.
[INFO] 2024-09-29 13:09:11 GameServer: -------------------------------------------------=[ Geodata ]
[INFO] 2024-09-29 13:09:11 GeoData: Loaded 0 regions.
[INFO] 2024-09-29 13:09:11 GameServer: ----------------------------------------------------=[ NPCs ]
[INFO] 2024-09-29 13:09:11 SkillLearnData: Loaded 256 skill learn data.
[INFO] 2024-09-29 13:09:11 NpcData$MinionData: Loaded 128 minions data.
[INFO] 2024-09-29 13:09:17 NpcData: Loaded 10461 NPCs.
[INFO] 2024-09-29 13:09:20 WalkingManager: Loaded 127 walking routes.
[INFO] 2024-09-29 13:09:20 StaticObjectData: Loaded 51 static object templates.
[INFO] 2024-09-29 13:09:21 GrandBossManager: Queen Ant (29001) status is 0.
[INFO] 2024-09-29 13:09:21 GrandBossManager: Core (29006) status is 0.
[INFO] 2024-09-29 13:09:21 GrandBossManager: Orfen (29014) status is 0.
[INFO] 2024-09-29 13:09:21 GrandBossManager: Baium (29020) status is 0.
[INFO] 2024-09-29 13:09:21 GrandBossManager: Valakas (29028) status is 0.
[INFO] 2024-09-29 13:09:21 GrandBossManager: Antharas (29068) status is 0.
[INFO] 2024-09-29 13:09:21 GrandBossManager: Beleth (29118) status is 0.
[INFO] 2024-09-29 13:09:21 GrandBossManager: Loaded 7 grand boss instances.
[INFO] 2024-09-29 13:09:23 DoorData: Loaded 1301 door templates for 22 regions.
[INFO] 2024-09-29 13:09:25 ZoneManager: Loaded 28 zone classes and 2848 zones.
[INFO] 2024-09-29 13:09:25 ZoneManager: Loaded 0 NPC spawn territoriers.
[INFO] 2024-09-29 13:09:25 CastleManager: Loaded 9 castles.
[INFO] 2024-09-29 13:09:25 NpcBufferTable: Loaded 1 buffers and 10 skills.
[INFO] 2024-09-29 13:09:25 GrandBossManager: Initialized 12 grand boss zones.
[INFO] 2024-09-29 13:09:25 GameServer: -----------------------------------------=[ Auction Manager ]
[INFO] 2024-09-29 13:09:26 ItemAuctionInstance: Loaded 82 item(s) and registered 1 auction(s) for NPC ID 32320.
[INFO] 2024-09-29 13:09:26 ItemAuctionInstance: Schedule next auction ID 1 on 17:00:00 04.10.24 for NPC ID 32320.
[INFO] 2024-09-29 13:09:26 ItemAuctionInstance: Loaded 82 item(s) and registered 1 auction(s) for NPC ID 32321.
[INFO] 2024-09-29 13:09:26 ItemAuctionInstance: Schedule next auction ID 2 on 17:00:00 30.09.24 for NPC ID 32321.
[INFO] 2024-09-29 13:09:26 ItemAuctionInstance: Loaded 82 item(s) and registered 1 auction(s) for NPC ID 32322.
[INFO] 2024-09-29 13:09:26 ItemAuctionInstance: Schedule next auction ID 3 on 17:00:00 02.10.24 for NPC ID 32322.
[INFO] 2024-09-29 13:09:26 ItemAuctionManager: Loaded 3 auction manager instance(s).
[INFO] 2024-09-29 13:09:26 GameServer: ------------------------------------------------=[ Olympiad ]
[INFO] 2024-09-29 13:09:26 Olympiad: Loading Olympiad System....
[INFO] 2024-09-29 13:09:26 Olympiad: Currently in Olympiad Period
[INFO] 2024-09-29 13:09:26 Olympiad: 2810 minutes until period ends
[INFO] 2024-09-29 13:09:26 Olympiad: Next weekly change is in 10014 minutes
[INFO] 2024-09-29 13:09:26 Olympiad: Loaded 0 Nobles
[INFO] 2024-09-29 13:09:26 Olympiad: Competition Period Starts in 0 days, 4 hours and 50 mins.
[INFO] 2024-09-29 13:09:26 Olympiad: Event starts/started : Sun Sep 29 18:00:26 ART 2024
[INFO] 2024-09-29 13:09:26 Hero: Loaded 0 Heroes.
[INFO] 2024-09-29 13:09:26 Hero: Loaded 0 all time Heroes.
[INFO] 2024-09-29 13:09:26 GameServer: ---------------------------------------------=[ Seven Signs ]
[INFO] 2024-09-29 13:09:26 SevenSigns: Currently in the Competition (Quest Event) period.
[INFO] 2024-09-29 13:09:26 SevenSigns: The Seal of Avarice remains unclaimed.
[INFO] 2024-09-29 13:09:26 SevenSigns: The Seal of Gnosis remains unclaimed.
[INFO] 2024-09-29 13:09:26 SevenSigns: The Seal of Strife remains unclaimed.
[INFO] 2024-09-29 13:09:26 SevenSigns: The competition, if the current trend continues, will end in a tie this week.
[INFO] 2024-09-29 13:09:26 SevenSigns: Next period change set to 2024-09-30T18:00:26.138-0300.
[INFO] 2024-09-29 13:09:26 SevenSigns: Next period begins in 1 days, 4 hours and 50 mins.
[INFO] 2024-09-29 13:09:26 GameServer: ---------------------------------------------------=[ Cache ]
[INFO] 2024-09-29 13:09:26 HtmCache: Running lazy cache.
[INFO] 2024-09-29 13:09:26 CrestTable: Loaded 0 crests.
[INFO] 2024-09-29 13:09:26 TeleportLocationTable: Loaded 929 teleport location templates.
[INFO] 2024-09-29 13:09:26 UIData: Loaded 4 keys 5 categories.
[INFO] 2024-09-29 13:09:26 AugmentationData: Loaded 33960 augmentations.
[INFO] 2024-09-29 13:09:26 AugmentationData: Loaded 2754 accessory augmentations.
[INFO] 2024-09-29 13:09:26 CursedWeaponsManager: Loaded 2 cursed weapon(s).
[INFO] 2024-09-29 13:09:27 TransformData: Loaded 111 transform templates.
[INFO] 2024-09-29 13:09:27 BotReportTable: Loaded 0 bot reports.
[INFO] 2024-09-29 13:09:27 AirShipManager: Loaded 0 private airships.
[INFO] 2024-09-29 13:09:27 GameServer: ------------------------------------------------=[ Handlers ]
[INFO] 2024-09-29 13:09:32 MasterHandler: Loaded 5 Voiced Command Handler.
[INFO] 2024-09-29 13:09:32 MasterHandler: Loaded 10 Action Handler.
[INFO] 2024-09-29 13:09:32 MasterHandler: Loaded 6 Action Shift Handler.
[INFO] 2024-09-29 13:09:32 MasterHandler: Loaded 448 Admin Command Handler.
[INFO] 2024-09-29 13:09:32 MasterHandler: Loaded 48 Bypass Handler.
[INFO] 2024-09-29 13:09:32 MasterHandler: Loaded 14 Chat Handler.
[INFO] 2024-09-29 13:09:32 MasterHandler: Loaded 15 Community Board Handler.
[INFO] 2024-09-29 13:09:32 MasterHandler: Loaded 31 Item Handler.
[INFO] 2024-09-29 13:09:32 MasterHandler: Loaded 3 Punishment Handler.
[INFO] 2024-09-29 13:09:32 MasterHandler: Loaded 17 User Command Handler.
[INFO] 2024-09-29 13:09:32 MasterHandler: Loaded 20 Telnet Handler.
[INFO] 2024-09-29 13:09:32 GameServer: ------------------------------------------------------=[ AI ]
[INFO] 2024-09-29 13:09:40 NpcBuffersData: Loaded 33 buffers data.
[INFO] 2024-09-29 13:09:40 HandysBlockCheckerEvent: Loaded Handy's Block Checker event.
[INFO] 2024-09-29 13:09:40 AILoader: Loaded 194 AI scripts.
[INFO] 2024-09-29 13:09:40 GameServer: -----------------------------------------------=[ Instances ]
[INFO] 2024-09-29 13:09:44 InstanceLoader: Loaded 30 instnaces.
[INFO] 2024-09-29 13:09:44 GameServer: --------------------------------------------------=[ Gracia ]
[INFO] 2024-09-29 13:09:45 GraciaLoader: Loaded 28 Gracia scripts.
[INFO] 2024-09-29 13:09:45 GameServer: -----------------------------------------------=[ Hellbound ]
[INFO] 2024-09-29 13:09:46 HellboundPointData: Loaded 47 trust point reward data.
[INFO] 2024-09-29 13:09:46 HellboundSpawns: Loaded 598 Hellbound spawns.
[INFO] 2024-09-29 13:09:46 HellboundEngine: Level 0.
[INFO] 2024-09-29 13:09:46 HellboundEngine: Trust 0.
[INFO] 2024-09-29 13:09:46 HellboundEngine: Status locked.
[INFO] 2024-09-29 13:09:47 RaidBossSpawnManager: Spawning raid bosses...
[INFO] 2024-09-29 13:09:47 RaidBossSpawnManager: Loaded 188 bosses.
[INFO] 2024-09-29 13:09:47 RaidBossSpawnManager: Scheduled 0 boss instances.
[INFO] 2024-09-29 13:09:47 HellboundLoader: Loaded 34 Hellbound scripts.
[INFO] 2024-09-29 13:09:47 GameServer: --------------------------------------------------=[ Quests ]
[INFO] 2024-09-29 13:09:59 Q00350_EnhanceYourWeapon: Loaded 54 soul crystal data.
[INFO] 2024-09-29 13:09:59 Q00350_EnhanceYourWeapon: Loaded 240 npc leveling data.
[INFO] 2024-09-29 13:09:59 QuestLoader: Loaded 502 quests.
[INFO] 2024-09-29 13:10:00 TerritoryWarSuperClass: TerritoryWarSuperClass: Siege date: 2024-09-29T22:00:00.153-0300
[INFO] 2024-09-29 13:10:00 GameServer: -------------------------------------------------=[ Scripts ]
[INFO] 2024-09-29 13:10:02 DiscordBot: Discord Bot is Disabled.
[INFO] 2024-09-29 13:10:02 AbstractMods: [DesPawnCreature]: Mod Cargado
[INFO] 2024-09-29 13:10:02 AbstractMods: [EngineModsManager]: Mod Loaded
[INFO] 2024-09-29 13:10:02 PlayerData: PlayerData load 4 players from DB
[INFO] 2024-09-29 13:10:02 ModsData: ModsData load 0 values from players.
[INFO] 2024-09-29 13:10:02 ClanHallSiegeEngine: Fortress of Resistance siege scheduled for 2024-10-13T12:00:00.948-0300.
[INFO] 2024-09-29 13:10:02 ClanHallSiegeEngine: Fortress of the Dead siege scheduled for 2024-10-13T12:00:00.116-0300.
[INFO] 2024-09-29 13:10:02 ClanHallSiegeEngine: Beast Farm siege scheduled for 2024-10-13T12:00:00.116-0300.
[INFO] 2024-09-29 13:10:02 ClanHallSiegeEngine: Rainbow Springs siege scheduled for 2024-10-13T12:00:00.116-0300.
[INFO] 2024-09-29 13:10:02 TeleporterService: Disabled.
[INFO] 2024-09-29 13:10:02 AbstractMods: [CrearJugador]: Mod Cargado
[INFO] 2024-09-29 13:10:02 BufferService: Disabled.
[INFO] 2024-09-29 13:10:02 ClanHallSiegeEngine: Bandit Stronghold siege scheduled for 2024-10-13T12:00:00.116-0300.
[INFO] 2024-09-29 13:10:02 ClanHallSiegeEngine: Devastated Castle siege scheduled for 2024-10-13T12:00:00.102-0300.
[INFO] 2024-09-29 13:10:02 GameServer: --------------------------------------------------=[ Spawns ]
[INFO] 2024-09-29 13:10:16 SpawnTable: Loaded 3764 NPC spawns.
[INFO] 2024-09-29 13:10:17 SpawnTable: Loaded 1190 NPC spawns from XML.
[INFO] 2024-09-29 13:10:17 DayNightSpawnManager: Removed 0 night creatures.
[INFO] 2024-09-29 13:10:17 DayNightSpawnManager: Spawned 232 day creatures.
[INFO] 2024-09-29 13:10:17 FourSepulchersManager: Loaded 20 Mysterious-Box spawns.
[INFO] 2024-09-29 13:10:17 FourSepulchersManager: Loaded 716 Physical type monsters spawns.
[INFO] 2024-09-29 13:10:17 FourSepulchersManager: Loaded 716 Magical monsters spawns.
[INFO] 2024-09-29 13:10:17 FourSepulchersManager: Loaded 92 Church of duke monsters spawns.
[INFO] 2024-09-29 13:10:17 FourSepulchersManager: Loaded 68 Emperor's Grave spawns.
[INFO] 2024-09-29 13:10:17 FourSepulchersManager: Spawned Conquerors' Sepulcher Manager.
[INFO] 2024-09-29 13:10:17 FourSepulchersManager: Spawned Emperors' Sepulcher Manager.
[INFO] 2024-09-29 13:10:17 FourSepulchersManager: Spawned Great Sages' Sepulcher Manager.
[INFO] 2024-09-29 13:10:17 FourSepulchersManager: Spawned Judges' Sepulcher Manager.
[INFO] 2024-09-29 13:10:17 FourSepulchersManager: Beginning in attack time.
[INFO] 2024-09-29 13:10:17 DimensionalRiftManager: Loaded 7 room types with 56 rooms.
[INFO] 2024-09-29 13:10:17 DimensionalRiftManager: Loaded 462 Dimensional Rift spawns.
[INFO] 2024-09-29 13:10:17 GameServer: ---------------------------------------------------=[ Siege ]
[INFO] 2024-09-29 13:10:17 Siege: Siege of Gludio: 2024-09-29T16:00:00.298-0300.
[INFO] 2024-09-29 13:10:17 Siege: Siege of Dion: 2024-09-29T16:00:00.322-0300.
[INFO] 2024-09-29 13:10:17 Siege: Siege of Giran: 2024-09-29T16:00:00.322-0300.
[INFO] 2024-09-29 13:10:17 Siege: Siege of Oren: 2024-09-29T16:00:00.331-0300.
[INFO] 2024-09-29 13:10:17 Siege: Siege of Aden: 2024-09-29T16:00:00.331-0300.
[INFO] 2024-09-29 13:10:17 Siege: Siege of Innadril: 2024-09-29T20:00:00.335-0300.
[INFO] 2024-09-29 13:10:17 Siege: Siege of Goddard: 2024-09-29T20:00:00.335-0300.
[INFO] 2024-09-29 13:10:17 Siege: Siege of Rune: 2024-09-29T20:00:00.345-0300.
[INFO] 2024-09-29 13:10:17 Siege: Siege of Schuttgart: 2024-09-29T20:00:00.346-0300.
[INFO] 2024-09-29 13:10:17 FortManager: Loaded 21 fortress.
[INFO] 2024-09-29 13:10:17 SiegeScheduleData: Loaded 2 siege schedulers.
[INFO] 2024-09-29 13:10:17 CastleManorManager: Loaded 258 seeds.
[INFO] 2024-09-29 13:10:17 CastleManorManager: Manor data loaded.
[INFO] 2024-09-29 13:10:17 MercTicketManager: Loaded 0 mercenary tickets.
[INFO] 2024-09-29 13:10:17 AutoSpawnHandler: Loaded 129 handlers.
[INFO] 2024-09-29 13:10:17 SevenSignsFestival: The first Festival of Darkness cycle begins in 2 minute(s).
[INFO] 2024-09-29 13:10:17 FaenorEventParser: Event Id Valentines Event has passed... Ignored.
[INFO] 2024-09-29 13:10:17 FaenorScriptEngine: Loaded Valentines.xml successfully.
[INFO] 2024-09-29 13:10:17 TaskManager: Loaded 13 tasks.
[INFO] 2024-09-29 13:10:17 MailManager: Successfully loaded 0 messages.
[INFO] 2024-09-29 13:10:17 PunishmentManager: Loaded 0 active and 0 expired punishments.
[INFO] 2024-09-29 13:10:17 GameServer: Free Object Ids remaining 1879002355.
[INFO] 2024-09-29 13:10:17 TvTManager: Engine is disabled.
[INFO] 2024-09-29 13:10:18 GameServer: Started, free memory 1488 Mb of 2048 Mb
[INFO] 2024-09-29 13:10:18 LoginServerThread: Connecting to login server on 127.0.0.1:9014
[INFO] 2024-09-29 13:10:19 GameServer: Now listening on *:7777
[INFO] 2024-09-29 13:10:19 GameServer: ----------------------------------------------------=[ UPnP ]
[INFO] 2024-09-29 13:10:19 LoginServerThread: Saved config\hexid.txt.
[INFO] 2024-09-29 13:10:19 LoginServerThread: Registered on login as Server 1: Bartz
[INFO] 2024-09-29 13:10:19 UPnPService: Looking for UPnP Gateway Devices...
[INFO] 2024-09-29 13:10:19 UPnPService: Using UPnP gateway: Pace Micro Technology plc D5001
[INFO] 2024-09-29 13:10:19 UPnPService: Using local address: 192.168.0.19 External address: 10.25.44.234
[INFO] 2024-09-29 13:10:20 UPnPService: Mapping successful on 192.168.0.19:7777
[INFO] 2024-09-29 13:10:20 GameServer: Telnet server is currently disabled.
[INFO] 2024-09-29 13:10:20 GameServer: Maximum numbers of connected players 500.
[INFO] 2024-09-29 13:10:20 GameServer: Server Bartz loaded in 101 seconds.
[INFO] 2024-09-29 13:10:29 L2PcInstance: Master access level set for character Admin [268481945].
[WARN] 2024-09-29 13:11:54 LoginServerThread: LoginServer not avaible, trying to reconnect...
