[INFO] 2024-10-10 10:52:45 GameServer: ------------------------------------------------=[ Database ]
[INFO] 2024-10-10 10:52:45 GameServer: -----------------------------------=[ Network Configuration ]
[INFO] 2024-10-10 10:52:45 IPConfigData: Using automatic network configuration.
[INFO] 2024-10-10 10:52:46 IPConfigData: Adding new subnet: 127.0.0.0/8 address: 127.0.0.1
[INFO] 2024-10-10 10:52:46 IPConfigData: Adding new subnet: 192.168.0.0/24 address: 192.168.0.15
[INFO] 2024-10-10 10:52:46 IPConfigData: Adding new subnet: 0.0.0.0/0 address: 186.190.200.3
[INFO] 2024-10-10 10:52:47 HikariDataSource: HikariPool-1 - Starting...
[INFO] 2024-10-10 10:52:47 HikariPool: HikariPool-1 - Added connection org.mariadb.jdbc.Connection@52eacb4b
[INFO] 2024-10-10 10:52:47 HikariDataSource: HikariPool-1 - Start completed.
[INFO] 2024-10-10 10:52:47 IdFactory: Updated characters online status.
[INFO] 2024-10-10 10:52:47 IdFactory: Cleaned 0 elements from database in 0s.
[INFO] 2024-10-10 10:52:47 IdFactory: Cleaned 0 expired timestamps from database.
[INFO] 2024-10-10 10:52:47 BitSetIDFactory: 102912 Ids available.
[INFO] 2024-10-10 10:52:47 GameServer: ---------------------------------------------------=[ World ]
[INFO] 2024-10-10 10:52:47 InstanceManager: Multiverse Instance created.
[INFO] 2024-10-10 10:52:47 InstanceManager: Universe Instance created.
[INFO] 2024-10-10 10:52:47 InstanceManager: Loaded 160 instance names.
[INFO] 2024-10-10 10:52:48 L2World: 128 by 136 world region grid set up.
[INFO] 2024-10-10 10:52:49 MapRegionManager: Loaded 57 map regions.
[INFO] 2024-10-10 10:52:49 GlobalVariablesManager: Loaded 7 variables.
[INFO] 2024-10-10 10:52:49 GameServer: ----------------------------------------------------=[ Data ]
[INFO] 2024-10-10 10:52:49 CategoryData: Loaded 124 Categories.
[INFO] 2024-10-10 10:52:49 SecondaryAuthData: Loaded 328 forbidden passwords.
[INFO] 2024-10-10 10:52:49 GameServer: -------------------------------------------------=[ Effects ]
[INFO] 2024-10-10 10:52:54 EffectMasterHandler: Loaded 170 effect handlers.
[INFO] 2024-10-10 10:52:54 GameServer: ------------------------------------=[ Enchant Skill Groups ]
[INFO] 2024-10-10 10:52:54 EnchantSkillGroupsData: Loaded 4 groups and 90 routes.
[INFO] 2024-10-10 10:52:54 GameServer: ---------------------------------------------=[ Skill Trees ]
[INFO] 2024-10-10 10:52:54 SkillTreesData: Loaded 17176 Class Skills for 103 Class Skill Trees.
[INFO] 2024-10-10 10:52:54 SkillTreesData: Loaded 76 Sub-Class Skills.
[INFO] 2024-10-10 10:52:54 SkillTreesData: Loaded 77 Transfer Skills for 3 Transfer Skill Trees.
[INFO] 2024-10-10 10:52:54 SkillTreesData: Loaded 117 Fishing Skills, 8 Dwarven only Fishing Skills.
[INFO] 2024-10-10 10:52:54 SkillTreesData: Loaded 3 Collect Skills.
[INFO] 2024-10-10 10:52:54 SkillTreesData: Loaded 74 Pledge Skills, 44 for Pledge and 30 Residential.
[INFO] 2024-10-10 10:52:54 SkillTreesData: Loaded 18 Sub-Pledge Skills.
[INFO] 2024-10-10 10:52:54 SkillTreesData: Loaded 32 Transform Skills.
[INFO] 2024-10-10 10:52:54 SkillTreesData: Loaded 8 Noble Skills.
[INFO] 2024-10-10 10:52:54 SkillTreesData: Loaded 5 Hero Skills.
[INFO] 2024-10-10 10:52:54 SkillTreesData: Loaded 46 Game Master Skills.
[INFO] 2024-10-10 10:52:54 SkillTreesData: Loaded 46 Game Master Aura Skills.
[INFO] 2024-10-10 10:52:54 GameServer: --------------------------------------------------=[ Skills ]
[INFO] 2024-10-10 10:53:04 DocumentEngine: Loaded 65973 skill templates from XML files.
[INFO] 2024-10-10 10:53:04 SummonSkillsTable: Loaded 1891 summon skills.
[INFO] 2024-10-10 10:53:04 GameServer: ---------------------------------------------------=[ Items ]
[INFO] 2024-10-10 10:53:05 ItemTable: Highest item Id used 22567.
[INFO] 2024-10-10 10:53:05 ItemTable: Loaded 11481 Etc items.
[INFO] 2024-10-10 10:53:05 ItemTable: Loaded 3825 Armor items.
[INFO] 2024-10-10 10:53:05 ItemTable: Loaded 3893 Weapon items.
[INFO] 2024-10-10 10:53:05 ItemTable: Loaded 19199 items in total.
[INFO] 2024-10-10 10:53:05 EnchantItemGroupsData: Loaded 4 item group templates.
[INFO] 2024-10-10 10:53:05 EnchantItemGroupsData: Loaded 1 scroll group templates.
[INFO] 2024-10-10 10:53:05 EnchantItemData: Loaded 63 enchant scrolls.
[INFO] 2024-10-10 10:53:05 EnchantItemData: Loaded 20 support items.
[INFO] 2024-10-10 10:53:05 EnchantItemOptionsData: Loaded 23 items and 1093 options.
[INFO] 2024-10-10 10:53:07 OptionData: Loaded 24985 item options.
[INFO] 2024-10-10 10:53:07 EnchantItemHPBonusData: Loaded 6 Enchant HP Bonuses.
[INFO] 2024-10-10 10:53:07 MerchantPriceConfigTable: Loaded 28 merchant price configs.
[INFO] 2024-10-10 10:53:10 BuyListData: Loaded 760 buy lists.
[INFO] 2024-10-10 10:53:11 MultisellData: Loaded 192 multisell lists.
[INFO] 2024-10-10 10:53:11 RecipeData: Loaded 1000 recipes.
[INFO] 2024-10-10 10:53:11 ArmorSetsData: Loaded 204 armor sets.
[INFO] 2024-10-10 10:53:11 FishData: Loaded 278 fish.
[INFO] 2024-10-10 10:53:11 FishingMonstersData: Loaded 8 fishing monsters.
[INFO] 2024-10-10 10:53:11 FishingRodsData: Loaded 6 fishing rods.
[INFO] 2024-10-10 10:53:11 HennaData: Loaded 180 Henna data.
[INFO] 2024-10-10 10:53:11 GameServer: ----------------------------------------------=[ Characters ]
[INFO] 2024-10-10 10:53:11 ClassListData: Loaded 107 class data.
[INFO] 2024-10-10 10:53:11 InitialEquipmentData: Loaded 11 initial equipment data.
[INFO] 2024-10-10 10:53:11 InitialShortcutData: Loaded 5 initial dlobal shortcuts data.
[INFO] 2024-10-10 10:53:11 InitialShortcutData: Loaded 4 initial shortcuts data.
[INFO] 2024-10-10 10:53:11 InitialShortcutData: Loaded 0 macros presets.
[INFO] 2024-10-10 10:53:12 KarmaData: Loaded 85 karma modifiers.
[INFO] 2024-10-10 10:53:12 HitConditionBonusData: Loaded Hit Condition bonuses.
[INFO] 2024-10-10 10:53:13 PlayerTemplateData: Loaded 103 character templates.
[INFO] 2024-10-10 10:53:13 PlayerTemplateData: Loaded 52530 level up gain records.
[INFO] 2024-10-10 10:53:13 PlayerCreationPointData: Loaded 62 character creation points.
[INFO] 2024-10-10 10:53:13 CharNameTable: Loaded 2 char names.
[INFO] 2024-10-10 10:53:13 AdminData: Loaded 10 access levels.
[INFO] 2024-10-10 10:53:13 AdminData: Loaded 445 access commands.
[INFO] 2024-10-10 10:53:13 RaidBossPointsManager: Loaded 0 characters raid points.
[INFO] 2024-10-10 10:53:13 PetDataTable: Loaded 52 Pets.
[INFO] 2024-10-10 10:53:14 GameServer: -----------------------------------------------------=[ BBS ]
[INFO] 2024-10-10 10:53:14 ForumsBBSManager: Loaded 4 forums.
[INFO] 2024-10-10 10:53:14 GameServer: ---------------------------------------------------=[ Clans ]
[INFO] 2024-10-10 10:53:14 ClanTable: Restored 0 clans from the database.
[INFO] 2024-10-10 10:53:14 AuctionManager: Loaded 38 auction(s).
[INFO] 2024-10-10 10:53:14 ClanHallManager: Loaded 0 clan halls.
[INFO] 2024-10-10 10:53:14 ClanHallManager: Loaded 38 free clan halls.
[INFO] 2024-10-10 10:53:14 ClanHallSiegeManager: Loaded 6 conquerable clan halls.
[INFO] 2024-10-10 10:53:14 GameServer: -------------------------------------------------=[ Geodata ]
[INFO] 2024-10-10 10:53:14 GeoData: Loaded 0 regions.
[INFO] 2024-10-10 10:53:14 GameServer: ----------------------------------------------------=[ NPCs ]
[INFO] 2024-10-10 10:53:14 SkillLearnData: Loaded 256 skill learn data.
[INFO] 2024-10-10 10:53:14 NpcData$MinionData: Loaded 128 minions data.
[INFO] 2024-10-10 10:53:24 NpcData: Loaded 10461 NPCs.
[INFO] 2024-10-10 10:53:27 WalkingManager: Loaded 127 walking routes.
[INFO] 2024-10-10 10:53:27 StaticObjectData: Loaded 51 static object templates.
[INFO] 2024-10-10 10:53:28 GrandBossManager: Queen Ant (29001) status is 0.
[INFO] 2024-10-10 10:53:28 GrandBossManager: Core (29006) status is 0.
[INFO] 2024-10-10 10:53:28 GrandBossManager: Orfen (29014) status is 0.
[INFO] 2024-10-10 10:53:28 GrandBossManager: Baium (29020) status is 0.
[INFO] 2024-10-10 10:53:28 GrandBossManager: Valakas (29028) status is 0.
[INFO] 2024-10-10 10:53:28 GrandBossManager: Antharas (29068) status is 0.
[INFO] 2024-10-10 10:53:28 GrandBossManager: Beleth (29118) status is 0.
[INFO] 2024-10-10 10:53:28 GrandBossManager: Loaded 7 grand boss instances.
[INFO] 2024-10-10 10:53:30 DoorData: Loaded 1301 door templates for 22 regions.
[INFO] 2024-10-10 10:53:33 ZoneManager: Loaded 28 zone classes and 2848 zones.
[INFO] 2024-10-10 10:53:33 ZoneManager: Loaded 0 NPC spawn territoriers.
[INFO] 2024-10-10 10:53:33 CastleManager: Loaded 9 castles.
[INFO] 2024-10-10 10:53:33 NpcBufferTable: Loaded 1 buffers and 10 skills.
[INFO] 2024-10-10 10:53:33 GrandBossManager: Initialized 12 grand boss zones.
[INFO] 2024-10-10 10:53:33 GameServer: -----------------------------------------=[ Auction Manager ]
[INFO] 2024-10-10 10:53:33 ItemAuctionInstance: Loaded 82 item(s) and registered 2 auction(s) for NPC ID 32320.
[INFO] 2024-10-10 10:53:33 ItemAuctionInstance: Schedule next auction ID 4 on 17:00:00 11.10.24 for NPC ID 32320.
[INFO] 2024-10-10 10:53:33 ItemAuctionInstance: Loaded 82 item(s) and registered 3 auction(s) for NPC ID 32321.
[INFO] 2024-10-10 10:53:33 ItemAuctionInstance: Schedule next auction ID 7 on 17:00:00 14.10.24 for NPC ID 32321.
[INFO] 2024-10-10 10:53:33 ItemAuctionInstance: Loaded 82 item(s) and registered 3 auction(s) for NPC ID 32322.
[INFO] 2024-10-10 10:53:33 ItemAuctionInstance: Schedule next auction ID 8 on 17:00:00 16.10.24 for NPC ID 32322.
[INFO] 2024-10-10 10:53:33 ItemAuctionManager: Loaded 3 auction manager instance(s).
[INFO] 2024-10-10 10:53:33 GameServer: ------------------------------------------------=[ Olympiad ]
[INFO] 2024-10-10 10:53:33 Olympiad: Loading Olympiad System....
[INFO] 2024-10-10 10:53:33 Olympiad: Currently in Olympiad Period
[INFO] 2024-10-10 10:53:33 Olympiad: 31746 minutes until period ends
[INFO] 2024-10-10 10:53:33 Olympiad: Next weekly change is in 9905 minutes
[INFO] 2024-10-10 10:53:33 Olympiad: Loaded 0 Nobles
[INFO] 2024-10-10 10:53:33 Olympiad: Competition Period Starts in 0 days, 7 hours and 6 mins.
[INFO] 2024-10-10 10:53:33 Olympiad: Event starts/started : Thu Oct 10 18:00:33 ART 2024
[INFO] 2024-10-10 10:53:33 Hero: Loaded 0 Heroes.
[INFO] 2024-10-10 10:53:33 Hero: Loaded 0 all time Heroes.
[INFO] 2024-10-10 10:53:33 GameServer: ---------------------------------------------=[ Seven Signs ]
[INFO] 2024-10-10 10:53:33 SevenSigns: Currently in the Seal Validation period.
[INFO] 2024-10-10 10:53:33 SevenSigns: The Seal of Avarice remains unclaimed.
[INFO] 2024-10-10 10:53:33 SevenSigns: The Seal of Gnosis remains unclaimed.
[INFO] 2024-10-10 10:53:33 SevenSigns: The Seal of Strife remains unclaimed.
[INFO] 2024-10-10 10:53:33 SevenSigns: The competition ended with a tie last week.
[INFO] 2024-10-10 10:53:33 SevenSigns: Next period change set to 2024-10-14T18:00:33.278-0300.
[INFO] 2024-10-10 10:53:33 SevenSigns: Next period begins in 4 days, 7 hours and 6 mins.
[INFO] 2024-10-10 10:53:33 GameServer: ---------------------------------------------------=[ Cache ]
[INFO] 2024-10-10 10:53:33 HtmCache: Running lazy cache.
[INFO] 2024-10-10 10:53:33 CrestTable: Loaded 0 crests.
[INFO] 2024-10-10 10:53:33 TeleportLocationTable: Loaded 929 teleport location templates.
[INFO] 2024-10-10 10:53:33 UIData: Loaded 4 keys 5 categories.
[INFO] 2024-10-10 10:53:33 AugmentationData: Loaded 33960 augmentations.
[INFO] 2024-10-10 10:53:33 AugmentationData: Loaded 2754 accessory augmentations.
[INFO] 2024-10-10 10:53:33 CursedWeaponsManager: Loaded 2 cursed weapon(s).
[INFO] 2024-10-10 10:53:34 TransformData: Loaded 111 transform templates.
[INFO] 2024-10-10 10:53:34 BotReportTable: Loaded 0 bot reports.
[INFO] 2024-10-10 10:53:34 AirShipManager: Loaded 0 private airships.
[INFO] 2024-10-10 10:53:34 GameServer: ------------------------------------------------=[ Handlers ]
[INFO] 2024-10-10 10:53:43 MasterHandler: Loaded 5 Voiced Command Handler.
[INFO] 2024-10-10 10:53:43 MasterHandler: Loaded 10 Action Handler.
[INFO] 2024-10-10 10:53:43 MasterHandler: Loaded 6 Action Shift Handler.
[INFO] 2024-10-10 10:53:43 MasterHandler: Loaded 448 Admin Command Handler.
[INFO] 2024-10-10 10:53:43 MasterHandler: Loaded 48 Bypass Handler.
[INFO] 2024-10-10 10:53:43 MasterHandler: Loaded 14 Chat Handler.
[INFO] 2024-10-10 10:53:43 MasterHandler: Loaded 15 Community Board Handler.
[INFO] 2024-10-10 10:53:43 MasterHandler: Loaded 31 Item Handler.
[INFO] 2024-10-10 10:53:43 MasterHandler: Loaded 3 Punishment Handler.
[INFO] 2024-10-10 10:53:43 MasterHandler: Loaded 17 User Command Handler.
[INFO] 2024-10-10 10:53:43 MasterHandler: Loaded 20 Telnet Handler.
[INFO] 2024-10-10 10:53:43 GameServer: ------------------------------------------------------=[ AI ]
[INFO] 2024-10-10 10:53:52 NpcBuffersData: Loaded 33 buffers data.
[INFO] 2024-10-10 10:53:52 HandysBlockCheckerEvent: Loaded Handy's Block Checker event.
[INFO] 2024-10-10 10:53:52 AILoader: Loaded 194 AI scripts.
[INFO] 2024-10-10 10:53:52 GameServer: -----------------------------------------------=[ Instances ]
[INFO] 2024-10-10 10:53:54 InstanceLoader: Loaded 30 instnaces.
[INFO] 2024-10-10 10:53:54 GameServer: --------------------------------------------------=[ Gracia ]
[INFO] 2024-10-10 10:53:56 GraciaLoader: Loaded 28 Gracia scripts.
[INFO] 2024-10-10 10:53:56 GameServer: -----------------------------------------------=[ Hellbound ]
[INFO] 2024-10-10 10:53:57 HellboundPointData: Loaded 47 trust point reward data.
[INFO] 2024-10-10 10:53:57 HellboundSpawns: Loaded 598 Hellbound spawns.
[INFO] 2024-10-10 10:53:57 HellboundEngine: Level 0.
[INFO] 2024-10-10 10:53:57 HellboundEngine: Trust 0.
[INFO] 2024-10-10 10:53:57 HellboundEngine: Status locked.
[INFO] 2024-10-10 10:53:57 RaidBossSpawnManager: Spawning raid bosses...
[INFO] 2024-10-10 10:53:57 RaidBossSpawnManager: Loaded 188 bosses.
[INFO] 2024-10-10 10:53:57 RaidBossSpawnManager: Scheduled 0 boss instances.
[INFO] 2024-10-10 10:53:57 HellboundLoader: Loaded 34 Hellbound scripts.
[INFO] 2024-10-10 10:53:57 GameServer: --------------------------------------------------=[ Quests ]
[INFO] 2024-10-10 10:54:05 Q00350_EnhanceYourWeapon: Loaded 54 soul crystal data.
[INFO] 2024-10-10 10:54:05 Q00350_EnhanceYourWeapon: Loaded 240 npc leveling data.
[INFO] 2024-10-10 10:54:05 QuestLoader: Loaded 502 quests.
[INFO] 2024-10-10 10:54:06 TerritoryWarSuperClass: TerritoryWarSuperClass: Siege date: 2024-10-13T22:00:00.947-0300
[INFO] 2024-10-10 10:54:06 GameServer: -------------------------------------------------=[ Scripts ]
[INFO] 2024-10-10 10:54:08 DiscordBot: Discord Bot is Disabled.
[INFO] 2024-10-10 10:54:08 AbstractMods: [DesPawnCreature]: Mod Cargado
[INFO] 2024-10-10 10:54:08 AbstractMods: [EngineModsManager]: Mod Cargado
[INFO] 2024-10-10 10:54:08 PlayerData: PlayerData load 2 players from DB
[INFO] 2024-10-10 10:54:08 ModsData: ModsData load 0 values from players.
[INFO] 2024-10-10 10:54:08 PlayerData: NpcData load 1527 npcs
[INFO] 2024-10-10 10:54:08 ClanHallSiegeEngine: Fortress of Resistance siege scheduled for 2024-10-13T12:00:00.948-0300.
[INFO] 2024-10-10 10:54:08 ClanHallSiegeEngine: Fortress of the Dead siege scheduled for 2024-10-13T12:00:00.116-0300.
[INFO] 2024-10-10 10:54:08 ClanHallSiegeEngine: Beast Farm siege scheduled for 2024-10-13T12:00:00.116-0300.
[INFO] 2024-10-10 10:54:08 ClanHallSiegeEngine: Rainbow Springs siege scheduled for 2024-10-13T12:00:00.116-0300.
[INFO] 2024-10-10 10:54:08 TeleporterService: Disabled.
[INFO] 2024-10-10 10:54:08 AbstractMods: [CrearJugador]: Mod Cargado
[INFO] 2024-10-10 10:54:08 BufferService: Disabled.
[INFO] 2024-10-10 10:54:08 ClanHallSiegeEngine: Bandit Stronghold siege scheduled for 2024-10-13T12:00:00.116-0300.
[INFO] 2024-10-10 10:54:08 ClanHallSiegeEngine: Devastated Castle siege scheduled for 2024-10-13T12:00:00.102-0300.
[INFO] 2024-10-10 10:54:08 GameServer: --------------------------------------------------=[ Spawns ]
[INFO] 2024-10-10 10:54:20 SpawnTable: Loaded 3764 NPC spawns.
[INFO] 2024-10-10 10:54:20 SpawnTable: Loaded 1190 NPC spawns from XML.
[INFO] 2024-10-10 10:54:20 DayNightSpawnManager: Removed 0 night creatures.
[INFO] 2024-10-10 10:54:21 DayNightSpawnManager: Spawned 232 day creatures.
[INFO] 2024-10-10 10:54:21 FourSepulchersManager: Loaded 20 Mysterious-Box spawns.
[INFO] 2024-10-10 10:54:21 FourSepulchersManager: Loaded 716 Physical type monsters spawns.
[INFO] 2024-10-10 10:54:21 FourSepulchersManager: Loaded 716 Magical monsters spawns.
[INFO] 2024-10-10 10:54:21 FourSepulchersManager: Loaded 92 Church of duke monsters spawns.
[INFO] 2024-10-10 10:54:21 FourSepulchersManager: Loaded 68 Emperor's Grave spawns.
[INFO] 2024-10-10 10:54:21 FourSepulchersManager: Spawned Conquerors' Sepulcher Manager.
[INFO] 2024-10-10 10:54:21 FourSepulchersManager: Spawned Emperors' Sepulcher Manager.
[INFO] 2024-10-10 10:54:21 FourSepulchersManager: Spawned Great Sages' Sepulcher Manager.
[INFO] 2024-10-10 10:54:21 FourSepulchersManager: Spawned Judges' Sepulcher Manager.
[INFO] 2024-10-10 10:54:21 FourSepulchersManager: Beginning in cooldown time.
[INFO] 2024-10-10 10:54:21 DimensionalRiftManager: Loaded 7 room types with 56 rooms.
[INFO] 2024-10-10 10:54:21 DimensionalRiftManager: Loaded 462 Dimensional Rift spawns.
[INFO] 2024-10-10 10:54:21 GameServer: ---------------------------------------------------=[ Siege ]
[INFO] 2024-10-10 10:54:21 Siege: Siege of Gludio: 2024-10-13T16:00:00.012-0300.
[INFO] 2024-10-10 10:54:21 Siege: Siege of Dion: 2024-10-13T16:00:00.036-0300.
[INFO] 2024-10-10 10:54:21 Siege: Siege of Giran: 2024-10-13T16:00:00.040-0300.
[INFO] 2024-10-10 10:54:21 Siege: Siege of Oren: 2024-10-13T16:00:00.043-0300.
[INFO] 2024-10-10 10:54:21 Siege: Siege of Aden: 2024-10-13T16:00:00.045-0300.
[INFO] 2024-10-10 10:54:21 Siege: Siege of Innadril: 2024-10-13T20:00:00.046-0300.
[INFO] 2024-10-10 10:54:21 Siege: Siege of Goddard: 2024-10-13T20:00:00.048-0300.
[INFO] 2024-10-10 10:54:21 Siege: Siege of Rune: 2024-10-13T20:00:00.051-0300.
[INFO] 2024-10-10 10:54:21 Siege: Siege of Schuttgart: 2024-10-13T20:00:00.054-0300.
[INFO] 2024-10-10 10:54:21 FortManager: Loaded 21 fortress.
[INFO] 2024-10-10 10:54:21 SiegeScheduleData: Loaded 2 siege schedulers.
[INFO] 2024-10-10 10:54:21 CastleManorManager: Loaded 258 seeds.
[INFO] 2024-10-10 10:54:21 CastleManorManager: Manor data loaded.
[INFO] 2024-10-10 10:54:21 MercTicketManager: Loaded 0 mercenary tickets.
[INFO] 2024-10-10 10:54:21 AutoSpawnHandler: Loaded 129 handlers.
[INFO] 2024-10-10 10:54:21 SevenSignsFestival: Initialization bypassed due to Seal Validation in effect.
[INFO] 2024-10-10 10:54:21 FaenorEventParser: Event Id Valentines Event has passed... Ignored.
[INFO] 2024-10-10 10:54:21 FaenorScriptEngine: Loaded Valentines.xml successfully.
[INFO] 2024-10-10 10:54:21 TaskManager: Loaded 13 tasks.
[INFO] 2024-10-10 10:54:21 MailManager: Successfully loaded 0 messages.
[INFO] 2024-10-10 10:54:21 PunishmentManager: Loaded 0 active and 0 expired punishments.
[INFO] 2024-10-10 10:54:21 GameServer: Free Object Ids remaining 1878991837.
[INFO] 2024-10-10 10:54:21 TvTManager: Engine is disabled.
[INFO] 2024-10-10 10:54:22 GameServer: Started, free memory 1425 Mb of 2048 Mb
[INFO] 2024-10-10 10:54:22 LoginServerThread: Connecting to login server on 127.0.0.1:9014
[INFO] 2024-10-10 10:54:23 GameServer: Now listening on *:7777
[INFO] 2024-10-10 10:54:23 GameServer: ----------------------------------------------------=[ UPnP ]
[INFO] 2024-10-10 10:54:23 UPnPService: Looking for UPnP Gateway Devices...
[INFO] 2024-10-10 10:54:23 LoginServerThread: Saved config\hexid.txt.
[INFO] 2024-10-10 10:54:23 LoginServerThread: Registered on login as Server 1: Bartz
[INFO] 2024-10-10 10:54:23 UPnPService: Using UPnP gateway: Pace Micro Technology plc D5001
[INFO] 2024-10-10 10:54:23 UPnPService: Using local address: 192.168.0.15 External address: 10.25.44.234
[INFO] 2024-10-10 10:54:24 UPnPService: Mapping successful on 192.168.0.15:7777
[INFO] 2024-10-10 10:54:24 GameServer: Telnet server is currently disabled.
[INFO] 2024-10-10 10:54:24 GameServer: Maximum numbers of connected players 500.
[INFO] 2024-10-10 10:54:24 GameServer: Server Bartz loaded in 98 seconds.
[INFO] 2024-10-10 10:54:46 L2PcInstance: Master access level set for character Admin [268481945].
